E:\BALACE CAR\VS2008\PIDADJ\DEBUG\PIDADJ.EXE
E:\BALACE CAR\VS2008\PIDADJ\DEBUG\PIDADJ.ILK
E:\BALACE CAR\VS2008\PIDADJ\DEBUG\PIDADJ.PDB
E:\balace car\vs2008\PIDADJ\PIDADJ\Debug\cl.command.1.tlog
E:\balace car\vs2008\PIDADJ\PIDADJ\Debug\CL.read.1.tlog
E:\balace car\vs2008\PIDADJ\PIDADJ\Debug\CL.write.1.tlog
E:\balace car\vs2008\PIDADJ\PIDADJ\Debug\link.command.1.tlog
E:\balace car\vs2008\PIDADJ\PIDADJ\Debug\link.read.1.tlog
E:\balace car\vs2008\PIDADJ\PIDADJ\Debug\link.write.1.tlog
E:\balace car\vs2008\PIDADJ\PIDADJ\Debug\link-cvtres.read.1.tlog
E:\balace car\vs2008\PIDADJ\PIDADJ\Debug\link-cvtres.write.1.tlog
E:\balace car\vs2008\PIDADJ\PIDADJ\Debug\mt.command.1.tlog
E:\balace car\vs2008\PIDADJ\PIDADJ\Debug\mt.read.1.tlog
E:\balace car\vs2008\PIDADJ\PIDADJ\Debug\mt.write.1.tlog
E:\BALACE CAR\VS2008\PIDADJ\PIDADJ\DEBUG\PIDADJ.EXE.EMBED.MANIFEST
E:\BALACE CAR\VS2008\PIDADJ\PIDADJ\DEBUG\PIDADJ.EXE.EMBED.MANIFEST.RES
E:\BALACE CAR\VS2008\PIDADJ\PIDADJ\DEBUG\PIDADJ.EXE.INTERMEDIATE.MANIFEST
E:\BALACE CAR\VS2008\PIDADJ\PIDADJ\DEBUG\PIDADJ.OBJ
E:\BALACE CAR\VS2008\PIDADJ\PIDADJ\DEBUG\PIDADJ.PCH
E:\BALACE CAR\VS2008\PIDADJ\PIDADJ\DEBUG\PIDADJ.RES
E:\balace car\vs2008\PIDADJ\PIDADJ\Debug\PIDADJ_manifest.rc
E:\BALACE CAR\VS2008\PIDADJ\PIDADJ\DEBUG\PIDADJDLG.OBJ
E:\balace car\vs2008\PIDADJ\PIDADJ\Debug\rc.command.1.tlog
E:\balace car\vs2008\PIDADJ\PIDADJ\Debug\rc.read.1.tlog
E:\balace car\vs2008\PIDADJ\PIDADJ\Debug\rc.write.1.tlog
E:\BALACE CAR\VS2008\PIDADJ\PIDADJ\DEBUG\SERIALPORT.OBJ
E:\BALACE CAR\VS2008\PIDADJ\PIDADJ\DEBUG\STDAFX.OBJ
E:\balace car\vs2008\PIDADJ\PIDADJ\Debug\vc100.idb
E:\BALACE CAR\VS2008\PIDADJ\PIDADJ\DEBUG\VC100.PDB
