生成启动时间为 2014/10/18 17:10:02。
     1>项目“E:\balace car\vs2008\PIDADJ\PIDADJ\PIDADJ.vcxproj”在节点 2 上(rebuild 个目标)。
     1>_PrepareForClean:
         正在删除文件“Debug\PIDADJ.lastbuildstate”。
       InitializeBuildStatus:
         正在创建“Debug\PIDADJ.unsuccessfulbuild”，因为已指定“AlwaysCreate”。
       ClCompile:
         C:\Program Files\Microsoft Visual Studio 10.0\VC\bin\CL.exe /c /ZI /nologo /W3 /WX- /Od /Oy- /D WIN32 /D _WINDOWS /D _DEBUG /D _UNICODE /D UNICODE /D _AFXDLL /Gm /EHsc /MDd /GS /fp:precise /Zc:wchar_t /Zc:forScope /Yc"StdAfx.h" /Fp"Debug\PIDADJ.pch" /Fo"Debug\\" /Fd"Debug\vc100.pdb" /Gd /TP /analyze- /errorReport:prompt stdafx.cpp
         stdafx.cpp
         C:\Program Files\Microsoft Visual Studio 10.0\VC\bin\CL.exe /c /ZI /nologo /W3 /WX- /Od /Oy- /D WIN32 /D _WINDOWS /D _DEBUG /D _UNICODE /D UNICODE /D _AFXDLL /Gm /EHsc /MDd /GS /fp:precise /Zc:wchar_t /Zc:forScope /Yu"StdAfx.h" /Fp"Debug\PIDADJ.pch" /Fo"Debug\\" /Fd"Debug\vc100.pdb" /Gd /TP /analyze- /errorReport:prompt PIDADJ.cpp PIDADJDlg.cpp SerialPort.cpp
         SerialPort.cpp
     1>e:\balace car\vs2008\pidadj\pidadj\serialport.cpp(136): warning C4996: 'sprintf': This function or variable may be unsafe. Consider using sprintf_s instead. To disable deprecation, use _CRT_SECURE_NO_WARNINGS. See online help for details.
                 c:\program files\microsoft visual studio 10.0\vc\include\stdio.h(371) : 参见“sprintf”的声明
     1>e:\balace car\vs2008\pidadj\pidadj\serialport.cpp(137): warning C4996: 'sprintf': This function or variable may be unsafe. Consider using sprintf_s instead. To disable deprecation, use _CRT_SECURE_NO_WARNINGS. See online help for details.
                 c:\program files\microsoft visual studio 10.0\vc\include\stdio.h(371) : 参见“sprintf”的声明
     1>e:\balace car\vs2008\pidadj\pidadj\serialport.cpp(422): warning C4996: 'sprintf': This function or variable may be unsafe. Consider using sprintf_s instead. To disable deprecation, use _CRT_SECURE_NO_WARNINGS. See online help for details.
                 c:\program files\microsoft visual studio 10.0\vc\include\stdio.h(371) : 参见“sprintf”的声明
     1>e:\balace car\vs2008\pidadj\pidadj\serialport.cpp(661): warning C4018: “>”: 有符号/无符号不匹配
         PIDADJDlg.cpp
     1>e:\balace car\vs2008\pidadj\pidadj\pidadjdlg.cpp(275): warning C4244: “初始化”: 从“double”转换到“float”，可能丢失数据
     1>e:\balace car\vs2008\pidadj\pidadj\pidadjdlg.cpp(380): warning C4805: “==”: 在操作中将类型“int”与类型“bool”混合不安全
     1>e:\balace car\vs2008\pidadj\pidadj\pidadjdlg.cpp(377): warning C4101: “data”: 未引用的局部变量
     1>e:\balace car\vs2008\pidadj\pidadj\pidadjdlg.cpp(447): warning C4244: “=”: 从“float”转换到“unsigned int”，可能丢失数据
     1>e:\balace car\vs2008\pidadj\pidadj\pidadjdlg.cpp(475): warning C4244: “=”: 从“float”转换到“unsigned int”，可能丢失数据
     1>e:\balace car\vs2008\pidadj\pidadj\pidadjdlg.cpp(504): warning C4244: “=”: 从“float”转换到“unsigned int”，可能丢失数据
     1>e:\balace car\vs2008\pidadj\pidadj\pidadjdlg.cpp(531): warning C4244: “=”: 从“float”转换到“unsigned int”，可能丢失数据
     1>e:\balace car\vs2008\pidadj\pidadj\pidadjdlg.cpp(667): warning C4244: “=”: 从“float”转换到“unsigned int”，可能丢失数据
         PIDADJ.cpp
         正在生成代码...
       ResourceCompile:
         C:\Program Files\Microsoft SDKs\Windows\v7.0A\bin\rc.exe /D _DEBUG /D _UNICODE /D UNICODE /D _AFXDLL /l"0x0804" /IDebug\ /nologo /fo"Debug\PIDADJ.res" PIDADJ.rc 
       ManifestResourceCompile:
         C:\Program Files\Microsoft SDKs\Windows\v7.0A\bin\rc.exe /nologo /fo"Debug\PIDADJ.exe.embed.manifest.res" Debug\PIDADJ_manifest.rc 
       Link:
         C:\Program Files\Microsoft Visual Studio 10.0\VC\bin\link.exe /ERRORREPORT:PROMPT /OUT:"E:\balace car\vs2008\PIDADJ\Debug\PIDADJ.exe" /INCREMENTAL /NOLOGO opencv_calib3d249d.lib opencv_contrib249d.lib opencv_core249d.lib opencv_features2d249d.lib opencv_flann249d.lib opencv_gpu249d.lib opencv_highgui249d.lib opencv_imgproc249d.lib opencv_legacy249d.lib opencv_ml249d.lib opencv_nonfree249d.lib opencv_objdetect249d.lib opencv_photo249d.lib opencv_stitching249d.lib opencv_ts249d.lib opencv_video249d.lib opencv_videostab249d.lib /MANIFEST /ManifestFile:"Debug\PIDADJ.exe.intermediate.manifest" /MANIFESTUAC:"level='asInvoker' uiAccess='false'" /DEBUG /PDB:"E:\balace car\vs2008\PIDADJ\Debug\PIDADJ.pdb" /SUBSYSTEM:WINDOWS /TLBID:1 /ENTRY:"wWinMainCRTStartup" /DYNAMICBASE /NXCOMPAT /IMPLIB:"E:\balace car\vs2008\PIDADJ\Debug\PIDADJ.lib" /MACHINE:X86 Debug\PIDADJ.res
         Debug\PIDADJ.exe.embed.manifest.res
         Debug\PIDADJ.obj
         Debug\PIDADJDlg.obj
         Debug\SerialPort.obj
         Debug\stdafx.obj
       Manifest:
         正在删除文件“Debug\PIDADJ.exe.embed.manifest”。
         C:\Program Files\Microsoft SDKs\Windows\v7.0A\bin\mt.exe /nologo /verbose /out:"Debug\PIDADJ.exe.embed.manifest" /manifest Debug\PIDADJ.exe.intermediate.manifest "C:\Program Files\Microsoft Visual Studio 10.0\VC\Include\Manifest\dpiaware.manifest"
         C:\Program Files\Microsoft SDKs\Windows\v7.0A\bin\rc.exe /nologo /fo"Debug\PIDADJ.exe.embed.manifest.res" Debug\PIDADJ_manifest.rc 
       LinkEmbedManifest:
         C:\Program Files\Microsoft Visual Studio 10.0\VC\bin\link.exe /ERRORREPORT:PROMPT /OUT:"E:\balace car\vs2008\PIDADJ\Debug\PIDADJ.exe" /INCREMENTAL /NOLOGO opencv_calib3d249d.lib opencv_contrib249d.lib opencv_core249d.lib opencv_features2d249d.lib opencv_flann249d.lib opencv_gpu249d.lib opencv_highgui249d.lib opencv_imgproc249d.lib opencv_legacy249d.lib opencv_ml249d.lib opencv_nonfree249d.lib opencv_objdetect249d.lib opencv_photo249d.lib opencv_stitching249d.lib opencv_ts249d.lib opencv_video249d.lib opencv_videostab249d.lib /MANIFEST /ManifestFile:"Debug\PIDADJ.exe.intermediate.manifest" /MANIFESTUAC:"level='asInvoker' uiAccess='false'" /DEBUG /PDB:"E:\balace car\vs2008\PIDADJ\Debug\PIDADJ.pdb" /SUBSYSTEM:WINDOWS /TLBID:1 /ENTRY:"wWinMainCRTStartup" /DYNAMICBASE /NXCOMPAT /IMPLIB:"E:\balace car\vs2008\PIDADJ\Debug\PIDADJ.lib" /MACHINE:X86 Debug\PIDADJ.res
         Debug\PIDADJ.exe.embed.manifest.res
         Debug\PIDADJ.obj
         Debug\PIDADJDlg.obj
         Debug\SerialPort.obj
         Debug\stdafx.obj
         PIDADJ.vcxproj -> E:\balace car\vs2008\PIDADJ\Debug\PIDADJ.exe
       FinalizeBuildStatus:
         正在删除文件“Debug\PIDADJ.unsuccessfulbuild”。
         正在对“Debug\PIDADJ.lastbuildstate”执行 Touch 任务。
     1>已完成生成项目“E:\balace car\vs2008\PIDADJ\PIDADJ\PIDADJ.vcxproj”(rebuild 个目标)的操作。

生成成功。

已用时间 00:00:03.36
