E:\BALACE CAR\VS2008\PIDADJ\PIDADJ\RELEASE\.NETFRAMEWORK,VERSION=V4.0.ASSEMBLYATTRIBUTES.OBJ
E:\balace car\vs2008\PIDADJ\PIDADJ\Release\cl.command.1.tlog
E:\balace car\vs2008\PIDADJ\PIDADJ\Release\CL.read.1.tlog
E:\balace car\vs2008\PIDADJ\PIDADJ\Release\CL.write.1.tlog
E:\balace car\vs2008\PIDADJ\PIDADJ\Release\link.command.1.tlog
E:\balace car\vs2008\PIDADJ\PIDADJ\Release\link.read.1.tlog
E:\balace car\vs2008\PIDADJ\PIDADJ\Release\link.write.1.tlog
E:\balace car\vs2008\PIDADJ\PIDADJ\Release\link-cvtres.read.1.tlog
E:\balace car\vs2008\PIDADJ\PIDADJ\Release\link-cvtres.write.1.tlog
E:\balace car\vs2008\PIDADJ\PIDADJ\Release\mt.command.1.tlog
E:\balace car\vs2008\PIDADJ\PIDADJ\Release\mt.read.1.tlog
E:\balace car\vs2008\PIDADJ\PIDADJ\Release\mt.write.1.tlog
E:\BALACE CAR\VS2008\PIDADJ\PIDADJ\RELEASE\PIDADJ.EXE.INTERMEDIATE.MANIFEST
E:\BALACE CAR\VS2008\PIDADJ\PIDADJ\RELEASE\PIDADJ.OBJ
E:\BALACE CAR\VS2008\PIDADJ\PIDADJ\RELEASE\PIDADJ.PCH
E:\BALACE CAR\VS2008\PIDADJ\PIDADJ\RELEASE\PIDADJ.RES
E:\BALACE CAR\VS2008\PIDADJ\PIDADJ\RELEASE\PIDADJDLG.OBJ
E:\balace car\vs2008\PIDADJ\PIDADJ\Release\rc.command.1.tlog
E:\balace car\vs2008\PIDADJ\PIDADJ\Release\rc.read.1.tlog
E:\balace car\vs2008\PIDADJ\PIDADJ\Release\rc.write.1.tlog
E:\BALACE CAR\VS2008\PIDADJ\PIDADJ\RELEASE\SERIALPORT.OBJ
E:\BALACE CAR\VS2008\PIDADJ\PIDADJ\RELEASE\STDAFX.OBJ
E:\BALACE CAR\VS2008\PIDADJ\PIDADJ\RELEASE\VC100.PDB
E:\BALACE CAR\VS2008\PIDADJ\RELEASE\PIDADJ.EXE
E:\BALACE CAR\VS2008\PIDADJ\RELEASE\PIDADJ.PDB
